0 info it worked if it ends with ok
1 verbose cli [ 'node',
1 verbose cli   '/usr/local/bin/npm',
1 verbose cli   'completion',
1 verbose cli   '--',
1 verbose cli   'npm',
1 verbose cli   'unpublish',
1 verbose cli   'gul' ]
2 info using npm@1.4.9
3 info using node@v0.10.28
4 verbose url raw /-/by-user/taojie
5 verbose url resolving [ 'https://registry.npmjs.org/', './-/by-user/taojie' ]
6 verbose url resolved https://registry.npmjs.org/-/by-user/taojie
7 info trying registry request attempt 1 at 22:21:29
8 http GET https://registry.npmjs.org/-/by-user/taojie
9 http 503 https://registry.npmjs.org/-/by-user/taojie
10 verbose bad json <?xml version="1.0" encoding="utf-8"?>
10 verbose bad json <!DOCTYPE html PUBLIC "-//W3C//DTD XHTML 1.0 Strict//EN"
10 verbose bad json  "http://www.w3.org/TR/xhtml1/DTD/xhtml1-strict.dtd">
10 verbose bad json <html>
10 verbose bad json   <head>
10 verbose bad json     <title>503 backend read error</title>
10 verbose bad json   </head>
10 verbose bad json   <body>
10 verbose bad json     <h1>Error 503 backend read error</h1>
10 verbose bad json     <p>backend read error</p>
10 verbose bad json     <h3>Guru Meditation:</h3>
10 verbose bad json     <p>XID: 1490274468</p>
10 verbose bad json     <hr>
10 verbose bad json     <p>Varnish cache server</p>
10 verbose bad json   </body>
10 verbose bad json </html>
11 error registry error parsing json
12 info retry will retry, error on last attempt: SyntaxError: Unexpected token <
12 info retry
12 info retry <?xml version="1.0" encoding="utf-8"?>
12 info retry <!DOCTYPE html PUBLIC "-//W3C//DTD XHTML 1.0 Strict//EN"
12 info retry  "http://www.w3.org/TR/xhtml1/DTD/xhtml1-strict.dtd">
12 info retry <html>
12 info retry   <head>
12 info retry     <title>503 backend read error</title>
12 info retry   </head>
12 info retry   <body>
12 info retry     <h1>Error 503 backend read error</h1>
12 info retry     <p>backend read error</p>
12 info retry     <h3>Guru Meditation:</h3>
12 info retry     <p>XID: 1490274468</p>
12 info retry     <hr>
12 info retry     <p>Varnish cache server</p>
12 info retry   </body>
12 info retry </html>
13 info trying registry request attempt 2 at 22:21:55
14 http GET https://registry.npmjs.org/-/by-user/taojie
15 http 503 https://registry.npmjs.org/-/by-user/taojie
16 verbose bad json <?xml version="1.0" encoding="utf-8"?>
16 verbose bad json <!DOCTYPE html PUBLIC "-//W3C//DTD XHTML 1.0 Strict//EN"
16 verbose bad json  "http://www.w3.org/TR/xhtml1/DTD/xhtml1-strict.dtd">
16 verbose bad json <html>
16 verbose bad json   <head>
16 verbose bad json     <title>503 backend read error</title>
16 verbose bad json   </head>
16 verbose bad json   <body>
16 verbose bad json     <h1>Error 503 backend read error</h1>
16 verbose bad json     <p>backend read error</p>
16 verbose bad json     <h3>Guru Meditation:</h3>
16 verbose bad json     <p>XID: 1353064005</p>
16 verbose bad json     <hr>
16 verbose bad json     <p>Varnish cache server</p>
16 verbose bad json   </body>
16 verbose bad json </html>
17 error registry error parsing json
18 info retry will retry, error on last attempt: SyntaxError: Unexpected token <
18 info retry
18 info retry <?xml version="1.0" encoding="utf-8"?>
18 info retry <!DOCTYPE html PUBLIC "-//W3C//DTD XHTML 1.0 Strict//EN"
18 info retry  "http://www.w3.org/TR/xhtml1/DTD/xhtml1-strict.dtd">
18 info retry <html>
18 info retry   <head>
18 info retry     <title>503 backend read error</title>
18 info retry   </head>
18 info retry   <body>
18 info retry     <h1>Error 503 backend read error</h1>
18 info retry     <p>backend read error</p>
18 info retry     <h3>Guru Meditation:</h3>
18 info retry     <p>XID: 1353064005</p>
18 info retry     <hr>
18 info retry     <p>Varnish cache server</p>
18 info retry   </body>
18 info retry </html>
19 info trying registry request attempt 3 at 22:23:11
20 http GET https://registry.npmjs.org/-/by-user/taojie
21 http 503 https://registry.npmjs.org/-/by-user/taojie
22 verbose bad json <?xml version="1.0" encoding="utf-8"?>
22 verbose bad json <!DOCTYPE html PUBLIC "-//W3C//DTD XHTML 1.0 Strict//EN"
22 verbose bad json  "http://www.w3.org/TR/xhtml1/DTD/xhtml1-strict.dtd">
22 verbose bad json <html>
22 verbose bad json   <head>
22 verbose bad json     <title>503 backend read error</title>
22 verbose bad json   </head>
22 verbose bad json   <body>
22 verbose bad json     <h1>Error 503 backend read error</h1>
22 verbose bad json     <p>backend read error</p>
22 verbose bad json     <h3>Guru Meditation:</h3>
22 verbose bad json     <p>XID: 1883223105</p>
22 verbose bad json     <hr>
22 verbose bad json     <p>Varnish cache server</p>
22 verbose bad json   </body>
22 verbose bad json </html>
23 error registry error parsing json
24 verbose headers { date: 'Thu, 05 Jun 2014 14:23:27 GMT',
24 verbose headers   server: 'Varnish',
24 verbose headers   'retry-after': '0',
24 verbose headers   'content-type': 'text/html; charset=utf-8',
24 verbose headers   'accept-ranges': 'bytes',
24 verbose headers   via: '1.1 varnish',
24 verbose headers   'cache-control': 'max-age=0',
24 verbose headers   'content-length': '416',
24 verbose headers   'x-served-by': 'cache-v36-ASH, cache-ty66-TYO',
24 verbose headers   'x-cache': 'MISS, MISS',
24 verbose headers   'x-cache-hits': '0, 0',
24 verbose headers   'x-timer': 'S1401978192.411303,VS0,VE15159',
24 verbose headers   connection: 'close' }
25 silly registry.get cb [ 503,
25 silly registry.get   { date: 'Thu, 05 Jun 2014 14:23:27 GMT',
25 silly registry.get     server: 'Varnish',
25 silly registry.get     'retry-after': '0',
25 silly registry.get     'content-type': 'text/html; charset=utf-8',
25 silly registry.get     'accept-ranges': 'bytes',
25 silly registry.get     via: '1.1 varnish',
25 silly registry.get     'cache-control': 'max-age=0',
25 silly registry.get     'content-length': '416',
25 silly registry.get     'x-served-by': 'cache-v36-ASH, cache-ty66-TYO',
25 silly registry.get     'x-cache': 'MISS, MISS',
25 silly registry.get     'x-cache-hits': '0, 0',
25 silly registry.get     'x-timer': 'S1401978192.411303,VS0,VE15159',
25 silly registry.get     connection: 'close' } ]
26 error TypeError: Cannot read property 'taojie' of null
26 error     at /usr/local/lib/node_modules/npm/lib/unpublish.js:20:16
26 error     at RegClient.<anonymous> (/usr/local/lib/node_modules/npm/node_modules/npm-registry-client/lib/get.js:143:20)
26 error     at cb (/usr/local/lib/node_modules/npm/node_modules/npm-registry-client/lib/request.js:32:9)
26 error     at RegClient.<anonymous> (/usr/local/lib/node_modules/npm/node_modules/npm-registry-client/lib/request.js:122:10)
26 error     at cb (/usr/local/lib/node_modules/npm/node_modules/npm-registry-client/lib/request.js:132:9)
26 error     at RegClient.<anonymous> (/usr/local/lib/node_modules/npm/node_modules/npm-registry-client/lib/request.js:244:16)
26 error     at Request._callback (/usr/local/lib/node_modules/npm/node_modules/npm-registry-client/lib/request.js:211:65)
26 error     at Request.self.callback (/usr/local/lib/node_modules/npm/node_modules/request/request.js:123:22)
26 error     at Request.EventEmitter.emit (events.js:98:17)
26 error     at Request.<anonymous> (/usr/local/lib/node_modules/npm/node_modules/request/request.js:893:14)
27 error If you need help, you may report this *entire* log,
27 error including the npm and node versions, at:
27 error     <http://github.com/npm/npm/issues>
28 error System Darwin 13.2.0
29 error command "node" "/usr/local/bin/npm" "completion" "--" "npm" "unpublish" "gul"
30 error cwd /Users/taojie/work/node_modules/gulp-kmc
31 error node -v v0.10.28
32 error npm -v 1.4.9
33 error type non_object_property_load
34 verbose exit [ 1, true ]
